# Design: Design Componentes already active.
# 
# DESIGN: Default Design Language: VHDL
# DESIGN: Default BDE Language: VHDL
# DESIGN: C-Synthesis: Not Defined
# DESIGN: HDL Synthesis: Not Defined
# DESIGN: Physical Synthesis: Not Defined
# DESIGN: Implementation: Not Defined
acom -reorder -O3 -e 100 -work Componentes -2002  $dsn/src/MUX21.vhd
# Warning: DAGGEN_0523: The source is compiled without the -dbg switch. Line breakpoints and assertion debug will not be available.
# File: C:\Users\Admin\Desktop\Logica\Logica-Digital---Practicas-de-Laboratorio-\Práctica #04\Sesión 2\Componentes\Componentes\src\MUX21.vhd
# Compile Entity "MUX21"
# Compile Architecture "MUX21" of Entity "MUX21"
# Error: COMP96_0696: MUX21.vhd : (43, 10): Illegal non-graphic character (<0x91>).
# Error: COMP96_0696: MUX21.vhd : (43, 12): Illegal non-graphic character (<0x92>).
# Error: COMP96_0696: MUX21.vhd : (44, 10): Illegal non-graphic character (<0x91>).
# Error: COMP96_0696: MUX21.vhd : (44, 12): Illegal non-graphic character (<0x92>).
# Error: COMP96_0696: MUX21.vhd : (45, 25): Illegal non-graphic character (<0x91>).
# Error: COMP96_0696: MUX21.vhd : (45, 27): Illegal non-graphic character (<0x92>).
# Error: COMP96_0019: MUX21.vhd : (43, 10): Keyword 'others' expected.
# Error: COMP96_0019: MUX21.vhd : (44, 10): Keyword 'others' expected.
# Error: COMP96_0029: MUX21.vhd : (45, 25): Expression expected.
# Compile failure 9 Errors 0 Warnings  Analysis time :  1.0 [s]
acom -O3 -e 100 -work Componentes -2002  $dsn/src/MUX21.vhd
# Warning: DAGGEN_0523: The source is compiled without the -dbg switch. Line breakpoints and assertion debug will not be available.
# File: C:\Users\Admin\Desktop\Logica\Logica-Digital---Practicas-de-Laboratorio-\Práctica #04\Sesión 2\Componentes\Componentes\src\MUX21.vhd
# Compile Entity "MUX21"
# Error: COMP96_0016: MUX21.vhd : (37, 7): Design unit declaration expected.
# Compile Architecture "MUX21" of Entity "MUX21"
# Compile failure 1 Errors 0 Warnings  Analysis time :  0.6 [s]
acom -O3 -e 100 -work Componentes -2002  $dsn/src/MUX21.vhd
# Warning: DAGGEN_0523: The source is compiled without the -dbg switch. Line breakpoints and assertion debug will not be available.
# File: C:\Users\Admin\Desktop\Logica\Logica-Digital---Practicas-de-Laboratorio-\Práctica #04\Sesión 2\Componentes\Componentes\src\MUX21.vhd
# Compile Entity "MUX21"
# Compile Architecture "MUX21" of Entity "MUX21"
# Compile success 0 Errors 0 Warnings  Analysis time :  0.2 [s]
acom -O3 -e 100 -work Componentes -2002  $dsn/src/MUX21.vhd
# Warning: DAGGEN_0523: The source is compiled without the -dbg switch. Line breakpoints and assertion debug will not be available.
# File: C:\Users\Admin\Desktop\Logica\Logica-Digital---Practicas-de-Laboratorio-\Práctica #04\Sesión 2\Componentes\Componentes\src\MUX21.vhd
# Compile Entity "MUX21"
# Compile Architecture "MUX21" of Entity "MUX21"
# Compile success 0 Errors 0 Warnings  Analysis time :  0.5 [s]
acom -O3 -e 100 -work Componentes -2002  $dsn/src/MUX41.bde
# DRC: Checking file 'C:\Users\Admin\Desktop\Logica\Logica-Digital---Practicas-de-Laboratorio-\Práctica #04\Sesión 2\Componentes\Componentes\src\MUX41.bde'.
# DRC: MUX41.bde - 0 error(s), 0 warning(s)
# DRC: DRC process completed in 3 second(s).
# DRC: The results have been written to the log file. Double click on this line to view the log.
# Generating C:\Users\Admin\Desktop\Logica\Logica-Digital---Practicas-de-Laboratorio-\Práctica #04\Sesión 2\Componentes\Componentes\compile\MUX41.vhd from C:\Users\Admin\Desktop\Logica\Logica-Digital---Practicas-de-Laboratorio-\Práctica #04\Sesión 2\Componentes\Componentes\src\MUX41.bde ...
# Generation successful
# Warning: DAGGEN_0523: The source is compiled without the -dbg switch. Line breakpoints and assertion debug will not be available.
# File: .\..\compile\MUX41.vhd
# Compile Entity "MUX41"
# Compile Architecture "MUX41" of Entity "MUX41"
# Compile success 0 Errors 0 Warnings  Analysis time :  1.0 [s]
acom -O3 -e 100 -work Componentes -2002  $dsn/src/MUX41.bde
# DRC: Checking file 'C:\Users\Admin\Desktop\Logica\Logica-Digital---Practicas-de-Laboratorio-\Práctica #04\Sesión 2\Componentes\Componentes\src\MUX41.bde'.
# DRC: MUX41.bde - 0 error(s), 0 warning(s)
# DRC: DRC process completed in 4 second(s).
# DRC: The results have been written to the log file. Double click on this line to view the log.
# Generating C:\Users\Admin\Desktop\Logica\Logica-Digital---Practicas-de-Laboratorio-\Práctica #04\Sesión 2\Componentes\Componentes\compile\MUX41.vhd from C:\Users\Admin\Desktop\Logica\Logica-Digital---Practicas-de-Laboratorio-\Práctica #04\Sesión 2\Componentes\Componentes\src\MUX41.bde ...
# Generation successful
# Warning: DAGGEN_0523: The source is compiled without the -dbg switch. Line breakpoints and assertion debug will not be available.
# File: .\..\compile\MUX41.vhd
# Compile Entity "MUX41"
# Compile Architecture "MUX41" of Entity "MUX41"
# Compile success 0 Errors 0 Warnings  Analysis time :  0.5 [s]
