Active-HDL 10.5.217.6767 2019-03-11 14:53:14

Elaboration top modules:
Architecture                  demux14(DEMUX14)


---------------------------------------------------------------------------------------------
Entity   | Architecture | Library     | Info | Compiler Version        | Compilation Options
---------------------------------------------------------------------------------------------
DEMUX14  | demux14      | componentes |      | 10.5.217.6767 (Windows) | -O3
---------------------------------------------------------------------------------------------

---------------------------------------------------------------------------------------------
VHDL Package            | Library     | Info | Compiler Version        | Compilation Options
---------------------------------------------------------------------------------------------
standard                | std         |      |                         | <unavailable>
TEXTIO                  | std         |      |                         | <unavailable>
std_logic_1164          | ieee        |      |                         | <unavailable>
---------------------------------------------------------------------------------------------

---------------------------------------------------------------------------------------------
Library                 | Comment
---------------------------------------------------------------------------------------------
componentes             | None
ieee                    | Standard IEEE packages library
std                     | Standard VHDL library
---------------------------------------------------------------------------------------------


Simulation Options: asim +access +r -advdataflow DEMUX14


The performance of simulation is reduced. Version Student Edition
