Active-HDL 10.5.217.6767 2019-02-20 22:16:03

Elaboration top modules:
Architecture                  arq(Comparador4)


------------------------------------------------------------------------------------------------
Entity      | Architecture | Library     | Info | Compiler Version        | Compilation Options
------------------------------------------------------------------------------------------------
Comparador4 | arq          | comparador4 |      | 10.5.217.6767 (Windows) | 
------------------------------------------------------------------------------------------------

------------------------------------------------------------------------------------------------
VHDL Package               | Library     | Info | Compiler Version        | Compilation Options
------------------------------------------------------------------------------------------------
standard                   | std         |      |                         | <unavailable>
TEXTIO                     | std         |      |                         | <unavailable>
std_logic_1164             | ieee        |      |                         | <unavailable>
------------------------------------------------------------------------------------------------

------------------------------------------------------------------------------------------------
Library                    | Comment
------------------------------------------------------------------------------------------------
comparador4                | None
ieee                       | Standard IEEE packages library
std                        | Standard VHDL library
------------------------------------------------------------------------------------------------


Simulation Options: asim +access +r -advdataflow Comparador4


The performance of simulation is reduced. Version Student Edition
