# ELBREAD: Elaboration process.
# ELBREAD: Elaboration time 0.0 [s].
# Waveform file 'c:/Users/gianfranco/Downloads/Logica-Digital---Practicas-de-Laboratorio--master/simSistema.awc' connected to 'c:/Users/gianfranco/Downloads/Logica-Digital---Practicas-de-Laboratorio--master/Práctica #04/Sesión 2/P4_S2/Codificador_3_2/src/wave.asdb'.
acom -O3 -e 100 -work Codificador_3_2 -2002  $dsn/src/MuxMapper.bde
# DRC: Checking file 'c:\Users\gianfranco\Downloads\Logica-Digital---Practicas-de-Laboratorio--master\Práctica #04\Sesión 2\P4_S2\Codificador_3_2\src\MuxMapper.bde'.
# DRC: MuxMapper.bde - 0 error(s), 0 warning(s)
# DRC: DRC process completed in 1 second(s).
# DRC: The results have been written to the log file. Double click on this line to view the log.
# Generating c:\Users\gianfranco\Downloads\Logica-Digital---Practicas-de-Laboratorio--master\Práctica #04\Sesión 2\P4_S2\Codificador_3_2\compile\MuxMapper.vhd from c:\Users\gianfranco\Downloads\Logica-Digital---Practicas-de-Laboratorio--master\Práctica #04\Sesión 2\P4_S2\Codificador_3_2\src\MuxMapper.bde ...
# Generation successful
# Warning: DAGGEN_0523: The source is compiled without the -dbg switch. Line breakpoints and assertion debug will not be available.
# File: .\..\compile\MuxMapper.vhd
# Compile Entity "MuxMapper"
# Compile Architecture "MuxMapper" of Entity "MuxMapper"
# Compile success 0 Errors 0 Warnings  Analysis time :  78.0 [ms]
acom -O3 -e 100 -work Codificador_3_2 -2002  $dsn/src/Sistema.bde
# DRC: Checking file 'c:\Users\gianfranco\Downloads\Logica-Digital---Practicas-de-Laboratorio--master\Práctica #04\Sesión 2\P4_S2\Codificador_3_2\src\Sistema.bde'.
# DRC: Warning: Sistema.bde - 0 error(s), 1 warning(s)
# DRC: DRC process completed in 2 second(s).
# DRC: The results have been written to the log file. Double click on this line to view the log.
# Generating c:\Users\gianfranco\Downloads\Logica-Digital---Practicas-de-Laboratorio--master\Práctica #04\Sesión 2\P4_S2\Codificador_3_2\compile\Sistema.vhd from c:\Users\gianfranco\Downloads\Logica-Digital---Practicas-de-Laboratorio--master\Práctica #04\Sesión 2\P4_S2\Codificador_3_2\src\Sistema.bde ...
# Generation successful
# Warning: DAGGEN_0523: The source is compiled without the -dbg switch. Line breakpoints and assertion debug will not be available.
# File: .\..\compile\Sistema.vhd
# Compile Entity "Sistema"
# Compile Architecture "Sistema" of Entity "Sistema"
# Compile success 0 Errors 0 Warnings  Analysis time :  63.0 [ms]
asim -O5 +access +r +m+Sistema Sistema Sistema
# ELBREAD: Elaboration process.
# ELBREAD: Elaboration time 0.0 [s].
# VSIM: Stack memory: 32MB
# VSIM: Retval memory: 32MB
# 
# KERNEL: Main thread initiated.
# KERNEL: Kernel process initialization phase.
# KERNEL: Time resolution set to 1ps.
# ELAB2: Elaboration final pass...
# ELAB2: Create instances ...
# ELAB2: Create instances complete.
# SLP: Started
# SLP: Elaboration phase ...
# SLP: Elaboration phase ... skipped, nothing to simulate in SLP mode : 0.0 [s]
# SLP: Finished : 0.0 [s]
# ELAB2: Elaboration final pass complete - time: 0.3 [s].
# KERNEL: Warning: You are using the Active-HDL Student Edition. The performance of simulation is running at a reduced rate.
# KERNEL: Warning: Contact Aldec for available upgrade options - sales@aldec.com.
# KERNEL: Kernel process initialization done.
# Allocation: Simulator allocated 7075 kB (elbread=1280 elab2=5656 kernel=137 sdf=0)
# KERNEL: ASDB file was created in location c:\Users\gianfranco\Downloads\Logica-Digital---Practicas-de-Laboratorio--master\Práctica #04\Sesión 2\P4_S2\Codificador_3_2\src\wave.asdb
#  16:44, domingo, 17 de marzo de 2019
#  Simulation has been initialized
# Waveform file 'c:/Users/gianfranco/Downloads/Logica-Digital---Practicas-de-Laboratorio--master/simSistema.awc' connected to 'c:/Users/gianfranco/Downloads/Logica-Digital---Practicas-de-Laboratorio--master/Práctica #04/Sesión 2/P4_S2/Codificador_3_2/src/wave.asdb'.
run 400 ns
# KERNEL: stopped at time: 400 ns
acom -O3 -e 100 -work Codificador_3_2 -2002  $dsn/src/MuxMapper.bde
# DRC: Checking file 'c:\Users\gianfranco\Downloads\Logica-Digital---Practicas-de-Laboratorio--master\Práctica #04\Sesión 2\P4_S2\Codificador_3_2\src\MuxMapper.bde'.
# DRC: MuxMapper.bde - 0 error(s), 0 warning(s)
# DRC: DRC process completed in 1 second(s).
# DRC: The results have been written to the log file. Double click on this line to view the log.
# Generating c:\Users\gianfranco\Downloads\Logica-Digital---Practicas-de-Laboratorio--master\Práctica #04\Sesión 2\P4_S2\Codificador_3_2\compile\MuxMapper.vhd from c:\Users\gianfranco\Downloads\Logica-Digital---Practicas-de-Laboratorio--master\Práctica #04\Sesión 2\P4_S2\Codificador_3_2\src\MuxMapper.bde ...
# Generation successful
# Warning: DAGGEN_0523: The source is compiled without the -dbg switch. Line breakpoints and assertion debug will not be available.
# File: .\..\compile\MuxMapper.vhd
# Compile Entity "MuxMapper"
# Compile Architecture "MuxMapper" of Entity "MuxMapper"
# Compile success 0 Errors 0 Warnings  Analysis time :  47.0 [ms]
acom -O3 -e 100 -work Codificador_3_2 -2002  $dsn/src/Sistema.bde
# Warning: DAGGEN_0523: The source is compiled without the -dbg switch. Line breakpoints and assertion debug will not be available.
# File: .\..\compile\Sistema.vhd
# Compile Entity "Sistema"
# Compile Architecture "Sistema" of Entity "Sistema"
# Compile success 0 Errors 0 Warnings  Analysis time :  47.0 [ms]
restart
# ELBREAD: Elaboration process.
# ELBREAD: Elaboration time 0.0 [s].
# 
# KERNEL: Main thread initiated.
# KERNEL: Kernel process initialization phase.
# KERNEL: Time resolution set to 1ps.
# ELAB2: Elaboration final pass...
# ELAB2: Create instances ...
# ELAB2: Create instances complete.
# SLP: Started
# SLP: Elaboration phase ...
# SLP: Elaboration phase ... skipped, nothing to simulate in SLP mode : 0.0 [s]
# SLP: Finished : 0.0 [s]
# ELAB2: Elaboration final pass complete - time: 0.0 [s].
# KERNEL: Warning: You are using the Active-HDL Student Edition. The performance of simulation is running at a reduced rate.
# KERNEL: Warning: Contact Aldec for available upgrade options - sales@aldec.com.
# KERNEL: Kernel process initialization done.
# Allocation: Simulator allocated 7075 kB (elbread=1280 elab2=5656 kernel=137 sdf=0)
# KERNEL: ASDB file was created in location c:\Users\gianfranco\Downloads\Logica-Digital---Practicas-de-Laboratorio--master\Práctica #04\Sesión 2\P4_S2\Codificador_3_2\src\wave.asdb
#  16:49, domingo, 17 de marzo de 2019
#  Simulation has been initialized
# Waveform file 'c:/Users/gianfranco/Downloads/Logica-Digital---Practicas-de-Laboratorio--master/simSistema.awc' connected to 'c:/Users/gianfranco/Downloads/Logica-Digital---Practicas-de-Laboratorio--master/Práctica #04/Sesión 2/P4_S2/Codificador_3_2/src/wave.asdb'.
run 400 ns
# KERNEL: stopped at time: 400 ns
restart
# ELBREAD: Elaboration process.
# ELBREAD: Elaboration time 0.0 [s].
# 
# KERNEL: Main thread initiated.
# KERNEL: Kernel process initialization phase.
# KERNEL: Time resolution set to 1ps.
# ELAB2: Elaboration final pass...
# ELAB2: Create instances ...
# ELAB2: Create instances complete.
# SLP: Started
# SLP: Elaboration phase ...
# SLP: Elaboration phase ... skipped, nothing to simulate in SLP mode : 0.0 [s]
# SLP: Finished : 0.0 [s]
# ELAB2: Elaboration final pass complete - time: 0.0 [s].
# KERNEL: Warning: You are using the Active-HDL Student Edition. The performance of simulation is running at a reduced rate.
# KERNEL: Warning: Contact Aldec for available upgrade options - sales@aldec.com.
# KERNEL: Kernel process initialization done.
# Allocation: Simulator allocated 7075 kB (elbread=1280 elab2=5656 kernel=137 sdf=0)
# KERNEL: ASDB file was created in location c:\Users\gianfranco\Downloads\Logica-Digital---Practicas-de-Laboratorio--master\Práctica #04\Sesión 2\P4_S2\Codificador_3_2\src\wave.asdb
#  16:51, domingo, 17 de marzo de 2019
#  Simulation has been initialized
# Waveform file 'c:/Users/gianfranco/Downloads/Logica-Digital---Practicas-de-Laboratorio--master/simSistema.awc' connected to 'c:/Users/gianfranco/Downloads/Logica-Digital---Practicas-de-Laboratorio--master/Práctica #04/Sesión 2/P4_S2/Codificador_3_2/src/wave.asdb'.
run 800 ns
acom -O3 -e 100 -work Codificador_3_2 -2002  $dsn/src/Sistema.bde
# DRC: Checking file 'c:\Users\gianfranco\Downloads\Logica-Digital---Practicas-de-Laboratorio--master\Práctica #04\Sesión 2\P4_S2\Codificador_3_2\src\Sistema.bde'.
# DRC: Warning: Sistema.bde - 0 error(s), 1 warning(s)
# DRC: DRC process completed in 3 second(s).
# DRC: The results have been written to the log file. Double click on this line to view the log.
# Generating c:\Users\gianfranco\Downloads\Logica-Digital---Practicas-de-Laboratorio--master\Práctica #04\Sesión 2\P4_S2\Codificador_3_2\compile\Sistema.vhd from c:\Users\gianfranco\Downloads\Logica-Digital---Practicas-de-Laboratorio--master\Práctica #04\Sesión 2\P4_S2\Codificador_3_2\src\Sistema.bde ...
# Generation successful
# Warning: DAGGEN_0523: The source is compiled without the -dbg switch. Line breakpoints and assertion debug will not be available.
# File: .\..\compile\Sistema.vhd
# Compile Entity "Sistema"
# Compile Architecture "Sistema" of Entity "Sistema"
# Compile success 0 Errors 0 Warnings  Analysis time :  47.0 [ms]
# ELBREAD: Elaboration process.
# ELBREAD: Elaboration time 0.0 [s].
# 
# KERNEL: Main thread initiated.
# KERNEL: Kernel process initialization phase.
# KERNEL: Time resolution set to 1ps.
# ELAB2: Elaboration final pass...
# ELAB2: Create instances ...
# ELAB2: Create instances complete.
# SLP: Started
# SLP: Elaboration phase ...
# SLP: Elaboration phase ... skipped, nothing to simulate in SLP mode : 0.0 [s]
# SLP: Finished : 0.0 [s]
# ELAB2: Elaboration final pass complete - time: 0.0 [s].
# KERNEL: Warning: You are using the Active-HDL Student Edition. The performance of simulation is running at a reduced rate.
# KERNEL: Warning: Contact Aldec for available upgrade options - sales@aldec.com.
# KERNEL: Kernel process initialization done.
# Allocation: Simulator allocated 7075 kB (elbread=1280 elab2=5656 kernel=137 sdf=0)
# KERNEL: ASDB file was created in location c:\Users\gianfranco\Downloads\Logica-Digital---Practicas-de-Laboratorio--master\Práctica #04\Sesión 2\P4_S2\Codificador_3_2\src\wave.asdb
#  16:51, domingo, 17 de marzo de 2019
#  Simulation has been initialized
# Waveform file 'c:/Users/gianfranco/Downloads/Logica-Digital---Practicas-de-Laboratorio--master/simSistema.awc' connected to 'c:/Users/gianfranco/Downloads/Logica-Digital---Practicas-de-Laboratorio--master/Práctica #04/Sesión 2/P4_S2/Codificador_3_2/src/wave.asdb'.
run 800 ns
# KERNEL: stopped at time: 800 ns
restart
# ELBREAD: Elaboration process.
# ELBREAD: Elaboration time 0.0 [s].
# 
# KERNEL: Main thread initiated.
# KERNEL: Kernel process initialization phase.
# KERNEL: Time resolution set to 1ps.
# ELAB2: Elaboration final pass...
# ELAB2: Create instances ...
# ELAB2: Create instances complete.
# SLP: Started
# SLP: Elaboration phase ...
# SLP: Elaboration phase ... skipped, nothing to simulate in SLP mode : 0.0 [s]
# SLP: Finished : 0.0 [s]
# ELAB2: Elaboration final pass complete - time: 0.1 [s].
# KERNEL: Warning: You are using the Active-HDL Student Edition. The performance of simulation is running at a reduced rate.
# KERNEL: Warning: Contact Aldec for available upgrade options - sales@aldec.com.
# KERNEL: Kernel process initialization done.
# Allocation: Simulator allocated 7075 kB (elbread=1280 elab2=5656 kernel=137 sdf=0)
# KERNEL: ASDB file was created in location c:\Users\gianfranco\Downloads\Logica-Digital---Practicas-de-Laboratorio--master\Práctica #04\Sesión 2\P4_S2\Codificador_3_2\src\wave.asdb
#  17:23, domingo, 17 de marzo de 2019
#  Simulation has been initialized
# Waveform file 'c:/Users/gianfranco/Downloads/Logica-Digital---Practicas-de-Laboratorio--master/simSistema.awc' connected to 'c:/Users/gianfranco/Downloads/Logica-Digital---Practicas-de-Laboratorio--master/Práctica #04/Sesión 2/P4_S2/Codificador_3_2/src/wave.asdb'.
run 800 ns
# KERNEL: stopped at time: 800 ns
# Adding file c:\Users\gianfranco\Downloads\Logica-Digital---Practicas-de-Laboratorio--master\simSistema.awc ... Done
# Waveform file 'c:/Users/gianfranco/Downloads/Logica-Digital---Practicas-de-Laboratorio--master/simSistema.awc' connected to 'c:/Users/gianfranco/Downloads/Logica-Digital---Practicas-de-Laboratorio--master/Práctica #04/Sesión 2/P4_S2/Codificador_3_2/src/wave.asdb'.
# KERNEL: Warning: KERNEL_0291 Signal '/Sistema/E' has already been traced.
# KERNEL: Warning: KERNEL_0291 Signal '/Sistema/Disp' has already been traced.
# KERNEL: Warning: KERNEL_0291 Signal '/Sistema/B' has already been traced.
# KERNEL: Warning: KERNEL_0291 Signal '/Sistema/D' has already been traced.
# KERNEL: Warning: KERNEL_0291 Signal '/Sistema/M' has already been traced.
# KERNEL: Warning: KERNEL_0291 Signal '/Sistema/a_to_g' has already been traced.
# Waveform file 'c:/Users/gianfranco/Downloads/Logica-Digital---Practicas-de-Laboratorio--master/simSistema.awc' connected to 'c:/Users/gianfranco/Downloads/Logica-Digital---Practicas-de-Laboratorio--master/Práctica #04/Sesión 2/P4_S2/Codificador_3_2/src/wave.asdb'.
# KERNEL: Warning: KERNEL_0291 Signal '/Sistema/E' has already been traced.
# KERNEL: Warning: KERNEL_0291 Signal '/Sistema/Disp' has already been traced.
# KERNEL: Warning: KERNEL_0291 Signal '/Sistema/B' has already been traced.
# KERNEL: Warning: KERNEL_0291 Signal '/Sistema/D' has already been traced.
# KERNEL: Warning: KERNEL_0291 Signal '/Sistema/M' has already been traced.
# KERNEL: Warning: KERNEL_0291 Signal '/Sistema/a_to_g' has already been traced.
