# Design: Design Alarma2 already active.
# 
# DESIGN: Default Design Language: VHDL
# DESIGN: Default BDE Language: VHDL
# DESIGN: C-Synthesis: Not Defined
# DESIGN: HDL Synthesis: Not Defined
# DESIGN: Physical Synthesis: Not Defined
# DESIGN: Implementation: Not Defined
acom -reorder -O3 -e 100 -work Alarma2 -2002  $dsn/src/Alarma2.vhd
# Warning: DAGGEN_0523: The source is compiled without the -dbg switch. Line breakpoints and assertion debug will not be available.
# File: c:\My_Designs\Alarma2\Alarma2\src\Alarma2.vhd
# Compile Entity "Alarma2"
# Compile Architecture "Alarma2" of Entity "Alarma2"
# Error: COMP96_0696: Alarma2.vhd : (42, 7): Illegal non-graphic character (<0x91>).
# Error: COMP96_0696: Alarma2.vhd : (42, 9): Illegal non-graphic character (<0x92>).
# Error: COMP96_0696: Alarma2.vhd : (43, 7): Illegal non-graphic character (<0x92>).
# Error: COMP96_0696: Alarma2.vhd : (43, 9): Illegal non-graphic character (<0x92>).
# Error: COMP96_0696: Alarma2.vhd : (43, 17): Illegal non-graphic character (<0x92>).
# Error: COMP96_0696: Alarma2.vhd : (43, 19): Illegal non-graphic character (<0x92>).
# Error: COMP96_0696: Alarma2.vhd : (44, 6): Illegal non-graphic character (<0x92>).
# Error: COMP96_0696: Alarma2.vhd : (44, 8): Illegal non-graphic character (<0x92>).
# Error: COMP96_0696: Alarma2.vhd : (44, 16): Illegal non-graphic character (<0x92>).
# Error: COMP96_0696: Alarma2.vhd : (44, 18): Illegal non-graphic character (<0x92>).
# Error: COMP96_0696: Alarma2.vhd : (45, 6): Illegal non-graphic character (<0x92>).
# Error: COMP96_0696: Alarma2.vhd : (45, 8): Illegal non-graphic character (<0x92>).
# Error: COMP96_0696: Alarma2.vhd : (45, 16): Illegal non-graphic character (<0x92>).
# Error: COMP96_0696: Alarma2.vhd : (45, 18): Illegal non-graphic character (<0x92>).
# Error: COMP96_0696: Alarma2.vhd : (47, 3): Illegal non-graphic character (<0x91>).
# Error: COMP96_0696: Alarma2.vhd : (47, 5): Illegal non-graphic character (<0x92>).
# Error: COMP96_0039: Alarma2.vhd : (42, 7): Incorrect syntax of signal assignment.
# Compile failure 17 Errors 0 Warnings  Analysis time :  0.1 [s]
acom -O3 -e 100 -work Alarma2 -2002  $dsn/src/Alarma2.vhd
# Warning: DAGGEN_0523: The source is compiled without the -dbg switch. Line breakpoints and assertion debug will not be available.
# File: c:\My_Designs\Alarma2\Alarma2\src\Alarma2.vhd
# Compile Entity "Alarma2"
# Compile Architecture "Alarma2" of Entity "Alarma2"
# Compile success 0 Errors 0 Warnings  Analysis time :  63.0 [ms]
# Design: Design "Alarma2" has been set as active.
# ELBREAD: Elaboration process.
# ELBREAD: Elaboration time 0.0 [s].
# ELBREAD: Elaboration process.
# ELBREAD: Elaboration time 0.0 [s].
asim -O5 +access +r +m+Alarma2 Alarma2 Alarma2
# ELBREAD: Elaboration process.
# ELBREAD: Elaboration time 0.0 [s].
# VSIM: Stack memory: 32MB
# VSIM: Retval memory: 32MB
# 
# KERNEL: Main thread initiated.
# KERNEL: Kernel process initialization phase.
# KERNEL: Time resolution set to 1ps.
# ELAB2: Elaboration final pass...
# ELAB2: Create instances ...
# ELAB2: Create instances complete.
# SLP: Started
# SLP: Elaboration phase ...
# SLP: Elaboration phase ... skipped, nothing to simulate in SLP mode : 0.0 [s]
# SLP: Finished : 0.0 [s]
# ELAB2: Elaboration final pass complete - time: 0.9 [s].
# KERNEL: Warning: You are using the Active-HDL Student Edition. The performance of simulation is running at a reduced rate.
# KERNEL: Warning: Contact Aldec for available upgrade options - sales@aldec.com.
# KERNEL: Kernel process initialization done.
# Allocation: Simulator allocated 6043 kB (elbread=1280 elab2=4625 kernel=137 sdf=0)
# KERNEL: ASDB file was created in location c:\My_Designs\Alarma2\Alarma2\src\wave.asdb
#  22:16, jueves, 31 de enero de 2019
#  Simulation has been initialized
run
# KERNEL: Simulation has finished. There are no more test vectors to simulate.
# There are no files to simulate. Use "Functional Simulation Options" dialog to specify file(s).
# There are no files to simulate. Use "Functional Simulation Options" dialog to specify file(s).
asim +access +r -advdataflow Alarma2
# Warning: Verilog Optimization cannot be used when -advdataflow is in effect. Verilog Optimization disabled.
# VSIM: Simulation has finished.
# ELBREAD: Elaboration process.
# ELBREAD: Elaboration time 0.0 [s].
# VSIM: Stack memory: 32MB
# VSIM: Retval memory: 32MB
# 
# KERNEL: Main thread initiated.
# KERNEL: Kernel process initialization phase.
# KERNEL: Time resolution set to 1ps.
# ELAB2: Elaboration final pass...
# ELAB2: Create instances ...
# ELAB2: Create instances complete.
# ELAB2: Elaboration final pass complete - time: 0.0 [s].
# KERNEL: Warning: You are using the Active-HDL Student Edition. The performance of simulation is running at a reduced rate.
# KERNEL: Warning: Contact Aldec for available upgrade options - sales@aldec.com.
# KERNEL: Kernel process initialization done.
# Allocation: Simulator allocated 6043 kB (elbread=1280 elab2=4625 kernel=137 sdf=0)
# KERNEL: ASDB file was created in location c:\My_Designs\Alarma2\Alarma2\src\wave.asdb
#  22:17, jueves, 31 de enero de 2019
#  Simulation has been initialized
asim +access +r -advdataflow Alarma2
# Warning: Verilog Optimization cannot be used when -advdataflow is in effect. Verilog Optimization disabled.
# VSIM: Simulation has finished.
# ELBREAD: Elaboration process.
# ELBREAD: Elaboration time 0.0 [s].
# VSIM: Stack memory: 32MB
# VSIM: Retval memory: 32MB
# 
# KERNEL: Main thread initiated.
# KERNEL: Kernel process initialization phase.
# KERNEL: Time resolution set to 1ps.
# ELAB2: Elaboration final pass...
# ELAB2: Create instances ...
# ELAB2: Create instances complete.
# ELAB2: Elaboration final pass complete - time: 0.0 [s].
# KERNEL: Warning: You are using the Active-HDL Student Edition. The performance of simulation is running at a reduced rate.
# KERNEL: Warning: Contact Aldec for available upgrade options - sales@aldec.com.
# KERNEL: Kernel process initialization done.
# Allocation: Simulator allocated 6043 kB (elbread=1280 elab2=4625 kernel=137 sdf=0)
# KERNEL: ASDB file was created in location c:\My_Designs\Alarma2\Alarma2\src\wave.asdb
#  22:17, jueves, 31 de enero de 2019
#  Simulation has been initialized
wave
# Waveform file 'untitled.awc' connected to 'c:/My_Designs/Alarma2/Alarma2/src/wave.asdb'.
wave  /Alarma2/*
# 5 signal(s) traced.
run
restart
endsim
# KERNEL: stopped at time: 4222475 ns
# VSIM: Simulation has finished.
asim -O5 +access +r +m+Alarma2 Alarma2 Alarma2
# ELBREAD: Elaboration process.
# ELBREAD: Elaboration time 0.0 [s].
# VSIM: Stack memory: 32MB
# VSIM: Retval memory: 32MB
# 
# KERNEL: Main thread initiated.
# KERNEL: Kernel process initialization phase.
# KERNEL: Time resolution set to 1ps.
# ELAB2: Elaboration final pass...
# ELAB2: Create instances ...
# ELAB2: Create instances complete.
# SLP: Started
# SLP: Elaboration phase ...
# SLP: Elaboration phase ... skipped, nothing to simulate in SLP mode : 0.0 [s]
# SLP: Finished : 0.0 [s]
# ELAB2: Elaboration final pass complete - time: 0.0 [s].
# KERNEL: Warning: You are using the Active-HDL Student Edition. The performance of simulation is running at a reduced rate.
# KERNEL: Warning: Contact Aldec for available upgrade options - sales@aldec.com.
# KERNEL: Kernel process initialization done.
# Allocation: Simulator allocated 6043 kB (elbread=1280 elab2=4625 kernel=137 sdf=0)
# KERNEL: ASDB file was created in location c:\My_Designs\Alarma2\Alarma2\src\wave.asdb
#  22:20, jueves, 31 de enero de 2019
#  Simulation has been initialized
# Waveform file 'untitled.awc' connected to 'c:/My_Designs/Alarma2/Alarma2/src/wave.asdb'.
run
endsim
# KERNEL: stopped at time: 7677187500 ps
# VSIM: Simulation has finished.
asim -O5 +access +r +m+Alarma2 Alarma2 Alarma2
# ELBREAD: Elaboration process.
# ELBREAD: Elaboration time 0.0 [s].
# VSIM: Stack memory: 32MB
# VSIM: Retval memory: 32MB
# 
# KERNEL: Main thread initiated.
# KERNEL: Kernel process initialization phase.
# KERNEL: Time resolution set to 1ps.
# ELAB2: Elaboration final pass...
# ELAB2: Create instances ...
# ELAB2: Create instances complete.
# SLP: Started
# SLP: Elaboration phase ...
# SLP: Elaboration phase ... skipped, nothing to simulate in SLP mode : 0.0 [s]
# SLP: Finished : 0.0 [s]
# ELAB2: Elaboration final pass complete - time: 0.0 [s].
# KERNEL: Warning: You are using the Active-HDL Student Edition. The performance of simulation is running at a reduced rate.
# KERNEL: Warning: Contact Aldec for available upgrade options - sales@aldec.com.
# KERNEL: Kernel process initialization done.
# Allocation: Simulator allocated 6043 kB (elbread=1280 elab2=4625 kernel=137 sdf=0)
# KERNEL: ASDB file was created in location c:\My_Designs\Alarma2\Alarma2\src\wave.asdb
#  22:20, jueves, 31 de enero de 2019
#  Simulation has been initialized
# Waveform file 'untitled.awc' connected to 'c:/My_Designs/Alarma2/Alarma2/src/wave.asdb'.
run 200 ns
# KERNEL: stopped at time: 200 ns
run @200ns
# KERNEL: stopped at time: 200 ns
run @200ns
# KERNEL: stopped at time: 200 ns
run
# KERNEL: stopped at time: 1437125 ns
endsim
# VSIM: Simulation has finished.
asim +access +r -advdataflow Alarma2
# Warning: Verilog Optimization cannot be used when -advdataflow is in effect. Verilog Optimization disabled.
# ELBREAD: Elaboration process.
# ELBREAD: Elaboration time 0.0 [s].
# VSIM: Stack memory: 32MB
# VSIM: Retval memory: 32MB
# 
# KERNEL: Main thread initiated.
# KERNEL: Kernel process initialization phase.
# KERNEL: Time resolution set to 1ps.
# ELAB2: Elaboration final pass...
# ELAB2: Create instances ...
# ELAB2: Create instances complete.
# ELAB2: Elaboration final pass complete - time: 0.1 [s].
# KERNEL: Warning: You are using the Active-HDL Student Edition. The performance of simulation is running at a reduced rate.
# KERNEL: Warning: Contact Aldec for available upgrade options - sales@aldec.com.
# KERNEL: Kernel process initialization done.
# Allocation: Simulator allocated 6043 kB (elbread=1280 elab2=4625 kernel=137 sdf=0)
# KERNEL: ASDB file was created in location c:\My_Designs\Alarma2\Alarma2\src\wave.asdb
#  22:25, jueves, 31 de enero de 2019
#  Simulation has been initialized
wave
# Waveform file 'untitled.awc' connected to 'c:/My_Designs/Alarma2/Alarma2/src/wave.asdb'.
wave  /Alarma2/*
# 5 signal(s) traced.
run 200 ns
# KERNEL: stopped at time: 200 ns
