Active-HDL 10.5.217.6767 2019-06-01 23:14:41

Elaboration top modules:
Architecture                  FF_JK(FF_JK)


-----------------------------------------------------------------------------------------
Entity   | Architecture | Library | Info | Compiler Version        | Compilation Options
-----------------------------------------------------------------------------------------
FF_JK    | FF_JK        | control |      | 10.5.217.6767 (Windows) | -O3
-----------------------------------------------------------------------------------------

-----------------------------------------------------------------------------------------
VHDL Package            | Library | Info | Compiler Version        | Compilation Options
-----------------------------------------------------------------------------------------
standard                | std     |      |                         | <unavailable>
TEXTIO                  | std     |      |                         | <unavailable>
std_logic_1164          | ieee    |      |                         | <unavailable>
-----------------------------------------------------------------------------------------

-----------------------------------------------------------------------------------------
Library                 | Comment
-----------------------------------------------------------------------------------------
control                 | None
ieee                    | Standard IEEE packages library
std                     | Standard VHDL library
-----------------------------------------------------------------------------------------


Simulation Options: asim +access +r -advdataflow FF_JK


The performance of simulation is reduced. Version Student Edition
