Active-HDL 10.5.217.6767 2019-02-03 15:48:45

Elaboration top modules:
Architecture                  BCD7Seg(BCD7Seg)


---------------------------------------------------------------------------------------------
Entity   | Architecture | Library     | Info | Compiler Version        | Compilation Options
---------------------------------------------------------------------------------------------
BCD7Seg  | BCD7Seg      | Conversores |      | 10.5.217.6767 (Windows) | -O3 -2008
---------------------------------------------------------------------------------------------

---------------------------------------------------------------------------------------------
VHDL Package            | Library     | Info | Compiler Version        | Compilation Options
---------------------------------------------------------------------------------------------
standard                | std         |      |                         | <unavailable>
TEXTIO                  | std         |      |                         | <unavailable>
std_logic_1164          | ieee        |      |                         | <unavailable>
---------------------------------------------------------------------------------------------

---------------------------------------------------------------------------------------------
Library                 | Comment
---------------------------------------------------------------------------------------------
Conversores             | None
ieee                    | Standard IEEE packages library
std                     | Standard VHDL library
---------------------------------------------------------------------------------------------
